<?xml version="1.0" encoding="UTF-8"?>
<testsuite xmlns:xsi="http://www.w3.org/2001/XMLSchema-instance" xsi:noNamespaceSchemaLocation="https://maven.apache.org/surefire/maven-surefire-plugin/xsd/surefire-test-report-3.0.xsd" version="3.0" name="CalculatorTest" time="0.032" tests="10" errors="0" skipped="0" failures="0">
  <properties>
[...]
</properties>
  <testcase name="testAddition_positiveNumbers_returnsCorrectSum" classname="CalculatorTest" time="0.008">
    <system-out><![CDATA[Starting Calculator tests...
Tests are done
]]></system-out>
  </testcase>
  <testcase name="testSubtraction_positiveDoubles_returnsCorrectResult" classname="CalculatorTest" time="0.002">
    <system-out><![CDATA[Tests are done
]]></system-out>
  </testcase>
  <testcase name="testSubtract_multipleOperations_assertAll" classname="CalculatorTest" time="0.002">
    <system-out><![CDATA[Tests are done
]]></system-out>
  </testcase>
  <testcase name="testDivide_positiveNumbers_returnsCorrectDivision" classname="CalculatorTest" time="0.001">
    <system-out><![CDATA[Tests are done
]]></system-out>
  </testcase>
  <testcase name="testMultiplication_positiveNumbers_returnsTheCorrectMultiplication" classname="CalculatorTest" time="0.001">
    <system-out><![CDATA[Tests are done
]]></system-out>
  </testcase>
  <testcase name="testDoubleAddition_positiveNumber_returnsCorrectSum" classname="CalculatorTest" time="0.001">
    <system-out><![CDATA[Tests are done
]]></system-out>
  </testcase>
  <testcase name="testDivide_byZero_throwsArithmeticException" classname="CalculatorTest" time="0.001">
    <system-out><![CDATA[Tests are done
]]></system-out>
  </testcase>
  <testcase name="testAdd_multipleOperations_assertAll" classname="CalculatorTest" time="0.001">
    <system-out><![CDATA[Tests are done
]]></system-out>
  </testcase>
  <testcase name="testMultiplicationWithZero_returnsAZero" classname="CalculatorTest" time="0.001">
    <system-out><![CDATA[Tests are done
]]></system-out>
  </testcase>
  <testcase name="testSubtraction_positiveIntegers_returnsCorrectResult" classname="CalculatorTest" time="0.001">
    <system-out><![CDATA[Tests are done
]]></system-out>
  </testcase>
</testsuite>